Start testing: May 15 15:56 대한민국 표준시
----------------------------------------------------------
15/20 Testing: FakeTunerTest.initChannelInRange
15/20 Test: FakeTunerTest.initChannelInRange
Command: "C:/DEV/TDD_TV_Init/build/FakeTunerTest.exe" "--gtest_filter=FakeTunerTest.initChannelInRange" "--gtest_also_run_disabled_tests"
Directory: C:/DEV/TDD_TV_Init/build
"FakeTunerTest.initChannelInRange" start time: May 15 15:56 대한민국 표준시
Output:
----------------------------------------------------------
Running main() from C:\DEV\TDD_TV_Init\build\_deps\googletest-src\googletest\src\gtest_main.cc
Note: Google Test filter = FakeTunerTest.initChannelInRange
[==========] Running 1 test from 1 test suite.
[----------] Global test environment set-up.
[----------] 1 test from FakeTunerTest
[ RUN      ] FakeTunerTest.initChannelInRange
[       OK ] FakeTunerTest.initChannelInRange (0 ms)
[----------] 1 test from FakeTunerTest (0 ms total)

[----------] Global test environment tear-down
[==========] 1 test from 1 test suite ran. (0 ms total)
[  PASSED  ] 1 test.
<end of output>
Test time =   0.03 sec
----------------------------------------------------------
Test Passed.
"FakeTunerTest.initChannelInRange" end time: May 15 15:56 대한민국 표준시
"FakeTunerTest.initChannelInRange" time elapsed: 00:00:00
----------------------------------------------------------

16/20 Testing: FakeTunerTest.setCHValidChannel
16/20 Test: FakeTunerTest.setCHValidChannel
Command: "C:/DEV/TDD_TV_Init/build/FakeTunerTest.exe" "--gtest_filter=FakeTunerTest.setCHValidChannel" "--gtest_also_run_disabled_tests"
Directory: C:/DEV/TDD_TV_Init/build
"FakeTunerTest.setCHValidChannel" start time: May 15 15:56 대한민국 표준시
Output:
----------------------------------------------------------
Running main() from C:\DEV\TDD_TV_Init\build\_deps\googletest-src\googletest\src\gtest_main.cc
Note: Google Test filter = FakeTunerTest.setCHValidChannel
[==========] Running 1 test from 1 test suite.
[----------] Global test environment set-up.
[----------] 1 test from FakeTunerTest
[ RUN      ] FakeTunerTest.setCHValidChannel
[       OK ] FakeTunerTest.setCHValidChannel (0 ms)
[----------] 1 test from FakeTunerTest (0 ms total)

[----------] Global test environment tear-down
[==========] 1 test from 1 test suite ran. (0 ms total)
[  PASSED  ] 1 test.
<end of output>
Test time =   0.03 sec
----------------------------------------------------------
Test Passed.
"FakeTunerTest.setCHValidChannel" end time: May 15 15:56 대한민국 표준시
"FakeTunerTest.setCHValidChannel" time elapsed: 00:00:00
----------------------------------------------------------

17/20 Testing: FakeTunerTest.setCHInvalidChannelThrows
17/20 Test: FakeTunerTest.setCHInvalidChannelThrows
Command: "C:/DEV/TDD_TV_Init/build/FakeTunerTest.exe" "--gtest_filter=FakeTunerTest.setCHInvalidChannelThrows" "--gtest_also_run_disabled_tests"
Directory: C:/DEV/TDD_TV_Init/build
"FakeTunerTest.setCHInvalidChannelThrows" start time: May 15 15:56 대한민국 표준시
Output:
----------------------------------------------------------
Running main() from C:\DEV\TDD_TV_Init\build\_deps\googletest-src\googletest\src\gtest_main.cc
Note: Google Test filter = FakeTunerTest.setCHInvalidChannelThrows
[==========] Running 1 test from 1 test suite.
[----------] Global test environment set-up.
[----------] 1 test from FakeTunerTest
[ RUN      ] FakeTunerTest.setCHInvalidChannelThrows
[       OK ] FakeTunerTest.setCHInvalidChannelThrows (0 ms)
[----------] 1 test from FakeTunerTest (0 ms total)

[----------] Global test environment tear-down
[==========] 1 test from 1 test suite ran. (0 ms total)
[  PASSED  ] 1 test.
<end of output>
Test time =   0.03 sec
----------------------------------------------------------
Test Passed.
"FakeTunerTest.setCHInvalidChannelThrows" end time: May 15 15:56 대한민국 표준시
"FakeTunerTest.setCHInvalidChannelThrows" time elapsed: 00:00:00
----------------------------------------------------------

18/20 Testing: FakeTunerTest.seekCHMovesToNextAvailable
18/20 Test: FakeTunerTest.seekCHMovesToNextAvailable
Command: "C:/DEV/TDD_TV_Init/build/FakeTunerTest.exe" "--gtest_filter=FakeTunerTest.seekCHMovesToNextAvailable" "--gtest_also_run_disabled_tests"
Directory: C:/DEV/TDD_TV_Init/build
"FakeTunerTest.seekCHMovesToNextAvailable" start time: May 15 15:56 대한민국 표준시
Output:
----------------------------------------------------------
Running main() from C:\DEV\TDD_TV_Init\build\_deps\googletest-src\googletest\src\gtest_main.cc
Note: Google Test filter = FakeTunerTest.seekCHMovesToNextAvailable
[==========] Running 1 test from 1 test suite.
[----------] Global test environment set-up.
[----------] 1 test from FakeTunerTest
[ RUN      ] FakeTunerTest.seekCHMovesToNextAvailable
[       OK ] FakeTunerTest.seekCHMovesToNextAvailable (0 ms)
[----------] 1 test from FakeTunerTest (0 ms total)

[----------] Global test environment tear-down
[==========] 1 test from 1 test suite ran. (0 ms total)
[  PASSED  ] 1 test.
<end of output>
Test time =   0.02 sec
----------------------------------------------------------
Test Passed.
"FakeTunerTest.seekCHMovesToNextAvailable" end time: May 15 15:56 대한민국 표준시
"FakeTunerTest.seekCHMovesToNextAvailable" time elapsed: 00:00:00
----------------------------------------------------------

19/20 Testing: FakeTunerTest.seekCHWrapAround
19/20 Test: FakeTunerTest.seekCHWrapAround
Command: "C:/DEV/TDD_TV_Init/build/FakeTunerTest.exe" "--gtest_filter=FakeTunerTest.seekCHWrapAround" "--gtest_also_run_disabled_tests"
Directory: C:/DEV/TDD_TV_Init/build
"FakeTunerTest.seekCHWrapAround" start time: May 15 15:56 대한민국 표준시
Output:
----------------------------------------------------------
Running main() from C:\DEV\TDD_TV_Init\build\_deps\googletest-src\googletest\src\gtest_main.cc
Note: Google Test filter = FakeTunerTest.seekCHWrapAround
[==========] Running 1 test from 1 test suite.
[----------] Global test environment set-up.
[----------] 1 test from FakeTunerTest
[ RUN      ] FakeTunerTest.seekCHWrapAround
[       OK ] FakeTunerTest.seekCHWrapAround (0 ms)
[----------] 1 test from FakeTunerTest (0 ms total)

[----------] Global test environment tear-down
[==========] 1 test from 1 test suite ran. (0 ms total)
[  PASSED  ] 1 test.
<end of output>
Test time =   0.03 sec
----------------------------------------------------------
Test Passed.
"FakeTunerTest.seekCHWrapAround" end time: May 15 15:56 대한민국 표준시
"FakeTunerTest.seekCHWrapAround" time elapsed: 00:00:00
----------------------------------------------------------

20/20 Testing: FakeTunerTest.seekCH10timesReturnsValidChannels
20/20 Test: FakeTunerTest.seekCH10timesReturnsValidChannels
Command: "C:/DEV/TDD_TV_Init/build/FakeTunerTest.exe" "--gtest_filter=FakeTunerTest.seekCH10timesReturnsValidChannels" "--gtest_also_run_disabled_tests"
Directory: C:/DEV/TDD_TV_Init/build
"FakeTunerTest.seekCH10timesReturnsValidChannels" start time: May 15 15:56 대한민국 표준시
Output:
----------------------------------------------------------
Running main() from C:\DEV\TDD_TV_Init\build\_deps\googletest-src\googletest\src\gtest_main.cc
Note: Google Test filter = FakeTunerTest.seekCH10timesReturnsValidChannels
[==========] Running 1 test from 1 test suite.
[----------] Global test environment set-up.
[----------] 1 test from FakeTunerTest
[ RUN      ] FakeTunerTest.seekCH10timesReturnsValidChannels
[       OK ] FakeTunerTest.seekCH10timesReturnsValidChannels (0 ms)
[----------] 1 test from FakeTunerTest (0 ms total)

[----------] Global test environment tear-down
[==========] 1 test from 1 test suite ran. (0 ms total)
[  PASSED  ] 1 test.
<end of output>
Test time =   0.03 sec
----------------------------------------------------------
Test Passed.
"FakeTunerTest.seekCH10timesReturnsValidChannels" end time: May 15 15:56 대한민국 표준시
"FakeTunerTest.seekCH10timesReturnsValidChannels" time elapsed: 00:00:00
----------------------------------------------------------

End testing: May 15 15:56 대한민국 표준시
