<?xml version="1.0" encoding="UTF-8"?>
<Site BuildName="(empty)"
	BuildStamp="20260515-0543-Experimental"
	Name="(empty)"
	Generator="ctest-4.3.2"
	CompilerName=""
	CompilerVersion=""
	OSName="Windows"
	Hostname="DESKTOP-NM78K72"
	OSRelease="10.0.19045"
	OSVersion="Windows 10"
	OSPlatform="AMD64"
	Is64Bits="1"
	VendorString="GenuineIntel"
	VendorID="Intel Corporation"
	FamilyID="6"
	ModelID="14"
	ModelName=""
	ProcessorCacheSize="-1"
	NumberOfLogicalCPU="12"
	NumberOfPhysicalCPU="6"
	TotalVirtualMemory="4864"
	TotalPhysicalMemory="32706"
	LogicalProcessorsPerPhysical="2"
	ProcessorClockFrequency="3192.000000"
	>
	<Testing>
		<StartDateTime>May 15 16:21 [NON-UTF-8-BYTE-0xB4][NON-UTF-8-BYTE-0xEB][NON-UTF-8-BYTE-0xC7]ѹα[NON-UTF-8-BYTE-0xB9] ǥ[NON-UTF-8-BYTE-0xC1]ؽ[NON-UTF-8-BYTE-0xC3]</StartDateTime>
		<StartTestTime>1778829689</StartTestTime>
		<TestList>
			<Test>./ControllerTest.NextFavorite_EmptyList</Test>
		</TestList>
		<Test Status="passed">
			<Name>ControllerTest.NextFavorite_EmptyList</Name>
			<Path>.</Path>
			<FullName>./ControllerTest.NextFavorite_EmptyList</FullName>
			<FullCommandLine>C:\DEV\TDD_TV_Init\build\TVControllerTest.exe "--gtest_filter=ControllerTest.NextFavorite_EmptyList" "--gtest_also_run_disabled_tests"</FullCommandLine>
			<StartTestTime>1778829689.721856</StartTestTime>
			<Results>
				<NamedMeasurement type="numeric/double" name="Execution Time">
					<Value>0.019850</Value>
				</NamedMeasurement>
				<NamedMeasurement type="numeric/double" name="Processors">
					<Value>1</Value>
				</NamedMeasurement>
				<NamedMeasurement type="text/string" name="Completion Status">
					<Value>Completed</Value>
				</NamedMeasurement>
				<NamedMeasurement type="text/string" name="Command Line">
					<Value>C:\DEV\TDD_TV_Init\build\TVControllerTest.exe "--gtest_filter=ControllerTest.NextFavorite_EmptyList" "--gtest_also_run_disabled_tests"</Value>
				</NamedMeasurement>
				<NamedMeasurement type="text/string" name="Environment">
					<Value>#CTEST_RESOURCE_GROUP_COUNT=</Value>
				</NamedMeasurement>
				<Measurement>
					<Value encoding="base64" compression="gzip">eJyNUE1rg0AQve+vmGM8KO01kEOJNpQWE4zNxRXZ6EQW1l3ZHdP239ePEGKh4DvN7Lx5++YlndZS19AIqVceXKxpYLvmYXTiaRgW6al405L4uZOq4kWFreO1MbVCQke+s+VDy8d2qIpBLihLFhvCNexGCqT9BC5SEVrYwNZoskYptMN7EOM3vYqrsZKwiJqWfj6kI5Zt7sghuZl9BhqlBrO32nX9XsAy/44cdsqchZrmqK/SGt2g7rlIftf+IT9qzq2xDJLPGEbkS21PdNi/L12B1RM0zltqaqIDGRLKY8vuJhTWr8yXnqf6X5pghQ7m//RnHV6Oxygckpi4AfsFURe/4A==</Value>
				</Measurement>
			</Results>
		</Test>
		<EndDateTime>May 15 16:21 [NON-UTF-8-BYTE-0xB4][NON-UTF-8-BYTE-0xEB][NON-UTF-8-BYTE-0xC7]ѹα[NON-UTF-8-BYTE-0xB9] ǥ[NON-UTF-8-BYTE-0xC1]ؽ[NON-UTF-8-BYTE-0xC3]</EndDateTime>
		<EndTestTime>1778829689</EndTestTime>
		<ElapsedMinutes>0</ElapsedMinutes>
	</Testing>
</Site>
